c:\mfc3pointcircle\mfc3pointcircle\x64\debug\mfc3pointcircle.pch
c:\mfc3pointcircle\mfc3pointcircle\x64\debug\vc143.pdb
c:\mfc3pointcircle\mfc3pointcircle\x64\debug\vc143.idb
c:\mfc3pointcircle\mfc3pointcircle\x64\debug\pch.obj
c:\mfc3pointcircle\mfc3pointcircle\x64\debug\mfc3pointcircledlg.obj
c:\mfc3pointcircle\mfc3pointcircle\x64\debug\mfc3pointcircle.obj
c:\mfc3pointcircle\x64\debug\mfc3pointcircle.exe
c:\mfc3pointcircle\x64\debug\mfc3pointcircle.pdb
c:\mfc3pointcircle\mfc3pointcircle\x64\debug\mfc3pointcircle.res
c:\mfc3pointcircle\mfc3pointcircle\x64\debug\mfc3pointcircle.ilk
c:\mfc3pointcircle\mfc3pointcircle\x64\debug\mfc3pointcircle.tlog\cl.command.1.tlog
c:\mfc3pointcircle\mfc3pointcircle\x64\debug\mfc3pointcircle.tlog\cl.items.tlog
c:\mfc3pointcircle\mfc3pointcircle\x64\debug\mfc3pointcircle.tlog\cl.read.1.tlog
c:\mfc3pointcircle\mfc3pointcircle\x64\debug\mfc3pointcircle.tlog\cl.write.1.tlog
c:\mfc3pointcircle\mfc3pointcircle\x64\debug\mfc3pointcircle.tlog\link.command.1.tlog
c:\mfc3pointcircle\mfc3pointcircle\x64\debug\mfc3pointcircle.tlog\link.read.1.tlog
c:\mfc3pointcircle\mfc3pointcircle\x64\debug\mfc3pointcircle.tlog\link.secondary.1.tlog
c:\mfc3pointcircle\mfc3pointcircle\x64\debug\mfc3pointcircle.tlog\link.write.1.tlog
c:\mfc3pointcircle\mfc3pointcircle\x64\debug\mfc3pointcircle.tlog\rc.command.1.tlog
c:\mfc3pointcircle\mfc3pointcircle\x64\debug\mfc3pointcircle.tlog\rc.read.1.tlog
c:\mfc3pointcircle\mfc3pointcircle\x64\debug\mfc3pointcircle.tlog\rc.write.1.tlog
